  Source.cpp
D:\DATA\Back Class\OpenGL\OpenGL\Alpha Blend\Source.cpp(6,10): warning C4067: unexpected tokens following preprocessor directive - expected a newline
Source.obj : error LNK2019: unresolved external symbol __imp_glewInit referenced in function main
Source.obj : error LNK2019: unresolved external symbol glfwInit referenced in function main
Source.obj : error LNK2019: unresolved external symbol glfwTerminate referenced in function main
Source.obj : error LNK2019: unresolved external symbol glfwWindowHint referenced in function main
Source.obj : error LNK2019: unresolved external symbol glfwCreateWindow referenced in function main
Source.obj : error LNK2019: unresolved external symbol glfwWindowShouldClose referenced in function main
Source.obj : error LNK2019: unresolved external symbol glfwPollEvents referenced in function main
Source.obj : error LNK2019: unresolved external symbol glfwSetInputMode referenced in function main
Source.obj : error LNK2019: unresolved external symbol glfwGetKey referenced in function main
Source.obj : error LNK2019: unresolved external symbol glfwMakeContextCurrent referenced in function main
Source.obj : error LNK2019: unresolved external symbol glfwSwapBuffers referenced in function main
Source.obj : error LNK2019: unresolved external symbol __imp___glewBindBuffer referenced in function main
Source.obj : error LNK2019: unresolved external symbol __imp___glewBufferData referenced in function main
Source.obj : error LNK2019: unresolved external symbol __imp___glewGenBuffers referenced in function main
Source.obj : error LNK2019: unresolved external symbol __imp___glewAttachShader referenced in function "unsigned int __cdecl LoadShader(char const *,char const *)" (?LoadShader@@YAIPEBD0@Z)
Source.obj : error LNK2019: unresolved external symbol __imp___glewCompileShader referenced in function "unsigned int __cdecl LoadShader(char const *,char const *)" (?LoadShader@@YAIPEBD0@Z)
Source.obj : error LNK2019: unresolved external symbol __imp___glewCreateProgram referenced in function "unsigned int __cdecl LoadShader(char const *,char const *)" (?LoadShader@@YAIPEBD0@Z)
Source.obj : error LNK2019: unresolved external symbol __imp___glewCreateShader referenced in function "unsigned int __cdecl LoadShader(char const *,char const *)" (?LoadShader@@YAIPEBD0@Z)
Source.obj : error LNK2019: unresolved external symbol __imp___glewDeleteShader referenced in function "unsigned int __cdecl LoadShader(char const *,char const *)" (?LoadShader@@YAIPEBD0@Z)
Source.obj : error LNK2019: unresolved external symbol __imp___glewDetachShader referenced in function "unsigned int __cdecl LoadShader(char const *,char const *)" (?LoadShader@@YAIPEBD0@Z)
Source.obj : error LNK2019: unresolved external symbol __imp___glewDisableVertexAttribArray referenced in function main
Source.obj : error LNK2019: unresolved external symbol __imp___glewEnableVertexAttribArray referenced in function main
Source.obj : error LNK2019: unresolved external symbol __imp___glewGetProgramInfoLog referenced in function "unsigned int __cdecl LoadShader(char const *,char const *)" (?LoadShader@@YAIPEBD0@Z)
Source.obj : error LNK2019: unresolved external symbol __imp___glewGetProgramiv referenced in function "unsigned int __cdecl LoadShader(char const *,char const *)" (?LoadShader@@YAIPEBD0@Z)
Source.obj : error LNK2019: unresolved external symbol __imp___glewGetShaderInfoLog referenced in function "unsigned int __cdecl LoadShader(char const *,char const *)" (?LoadShader@@YAIPEBD0@Z)
Source.obj : error LNK2019: unresolved external symbol __imp___glewGetShaderiv referenced in function "unsigned int __cdecl LoadShader(char const *,char const *)" (?LoadShader@@YAIPEBD0@Z)
Source.obj : error LNK2019: unresolved external symbol __imp___glewLinkProgram referenced in function "unsigned int __cdecl LoadShader(char const *,char const *)" (?LoadShader@@YAIPEBD0@Z)
Source.obj : error LNK2019: unresolved external symbol __imp___glewShaderSource referenced in function "unsigned int __cdecl LoadShader(char const *,char const *)" (?LoadShader@@YAIPEBD0@Z)
Source.obj : error LNK2019: unresolved external symbol __imp___glewUseProgram referenced in function main
Source.obj : error LNK2019: unresolved external symbol __imp___glewVertexAttribPointer referenced in function main
Source.obj : error LNK2019: unresolved external symbol __imp___glewBindVertexArray referenced in function main
Source.obj : error LNK2019: unresolved external symbol __imp___glewGenVertexArrays referenced in function main
Source.obj : error LNK2019: unresolved external symbol __imp_glewExperimental referenced in function main
D:\DATA\Back Class\OpenGL\OpenGL\\External Libraries\GLEW\lib\Release\Win32\glew32.lib : warning LNK4272: library machine type 'x86' conflicts with target machine type 'x64'
D:\DATA\Back Class\OpenGL\OpenGL\\External Libraries\GLFW\lib\glfw3.lib : warning LNK4272: library machine type 'x86' conflicts with target machine type 'x64'
D:\DATA\Back Class\OpenGL\OpenGL\x64\Debug\OpenGL.exe : fatal error LNK1120: 33 unresolved externals
